2023-05-09 11:59:36,790 =============================================================
2023-05-09 11:59:36,791 =============================================================
2023-05-09 11:59:36,791 Today is 2023-05-09 at 11:59 AM
2023-05-09 11:59:36,803 This file is running on: nt Windows 10
2023-05-09 11:59:36,804 The Python version is: 3.10.2
2023-05-09 11:59:36,804 The active conda environment is:  None
2023-05-09 11:59:36,804 The active pip environment is:    None
2023-05-09 11:59:36,804 The active environment path is:   C:\Users\cjack\AppData\Local\Programs\Python\Python310
2023-05-09 11:59:36,804 The current working directory is: C:\Users\cjack\Documents\GitHub\data-analytics-fund\datafun-01-getting-started
2023-05-09 11:59:36,804 This source file is in:           C:\Users\cjack\Documents\GitHub\data-analytics-fund\datafun-01-getting-started
2023-05-09 11:59:36,804 =============================================================
2023-05-09 11:59:36,804 =============================================================
2023-05-09 11:59:36,804 Name: Christian Jackson 
2023-05-09 11:59:36,804 State: Missouri
2023-05-09 11:59:36,804 Country: USA
2023-05-09 11:59:36,804 Pet count: 2
2023-05-09 11:59:36,804 Skill count: 25
2023-05-09 11:59:36,804 Temperature: 78
2023-05-09 11:59:36,804 Pet weight: 17
2023-05-09 11:59:36,804 Has dog: True
2023-05-09 11:59:36,804 Likes analytics: False
2023-05-09 11:59:36,804 Likes Python: False
